============================================================
rlhf-coupling status @ 2026-04-29 21:22:01
============================================================
Last 5 status events:
  2026-04-30T02:50:05Z | ORCH | start
  2026-04-30T02:50:05Z | A | train start

Phase results:
  A     —  pending
  B     —  pending
  C     —  pending
  D     —  pending
  base  —  pending

(refreshing in 60s — Ctrl-C to stop)

============================================================
rlhf-coupling status @ 2026-04-29 21:23:02
============================================================
Last 5 status events:
  2026-04-30T02:50:05Z | ORCH | start
  2026-04-30T02:50:05Z | A | train start

Phase results:
  A     —  pending
  B     —  pending
  C     —  pending
  D     —  pending
  base  —  pending

(refreshing in 60s — Ctrl-C to stop)

============================================================
rlhf-coupling status @ 2026-04-29 21:24:02
============================================================
Last 5 status events:
  2026-04-30T02:50:05Z | ORCH | start
  2026-04-30T02:50:05Z | A | train start

Phase results:
  A     —  pending
  B     —  pending
  C     —  pending
  D     —  pending
  base  —  pending

(refreshing in 60s — Ctrl-C to stop)

============================================================
rlhf-coupling status @ 2026-04-29 21:25:03
============================================================
Last 5 status events:
  2026-04-30T02:50:05Z | ORCH | start
  2026-04-30T02:50:05Z | A | train start

Phase results:
  A     —  pending
  B     —  pending
  C     —  pending
  D     —  pending
  base  —  pending

(refreshing in 60s — Ctrl-C to stop)

============================================================
rlhf-coupling status @ 2026-04-29 21:26:03
============================================================
Last 5 status events:
  2026-04-30T02:50:05Z | ORCH | start
  2026-04-30T02:50:05Z | A | train start

Phase results:
  A     —  pending
  B     —  pending
  C     —  pending
  D     —  pending
  base  —  pending

(refreshing in 60s — Ctrl-C to stop)

============================================================
rlhf-coupling status @ 2026-04-29 21:27:04
============================================================
Last 5 status events:
  2026-04-30T02:50:05Z | ORCH | start
  2026-04-30T02:50:05Z | A | train start

Phase results:
  A     —  pending
  B     —  pending
  C     —  pending
  D     —  pending
  base  —  pending

(refreshing in 60s — Ctrl-C to stop)

============================================================
rlhf-coupling status @ 2026-04-29 21:28:04
============================================================
Last 5 status events:
  2026-04-30T02:50:05Z | ORCH | start
  2026-04-30T02:50:05Z | A | train start

Phase results:
  A     —  pending
  B     —  pending
  C     —  pending
  D     —  pending
  base  —  pending

(refreshing in 60s — Ctrl-C to stop)

============================================================
rlhf-coupling status @ 2026-04-29 21:29:04
============================================================
Last 5 status events:
  2026-04-30T02:50:05Z | ORCH | start
  2026-04-30T02:50:05Z | A | train start

Phase results:
  A     —  pending
  B     —  pending
  C     —  pending
  D     —  pending
  base  —  pending

(refreshing in 60s — Ctrl-C to stop)

============================================================
rlhf-coupling status @ 2026-04-29 21:30:05
============================================================
Last 5 status events:
  2026-04-30T02:50:05Z | ORCH | start
  2026-04-30T02:50:05Z | A | train start

Phase results:
  A     —  pending
  B     —  pending
  C     —  pending
  D     —  pending
  base  —  pending

(refreshing in 60s — Ctrl-C to stop)

============================================================
rlhf-coupling status @ 2026-04-29 21:31:06
============================================================
Last 5 status events:
  2026-04-30T02:50:05Z | ORCH | start
  2026-04-30T02:50:05Z | A | train start

Phase results:
  A     —  pending
  B     —  pending
  C     —  pending
  D     —  pending
  base  —  pending

(refreshing in 60s — Ctrl-C to stop)

============================================================
rlhf-coupling status @ 2026-04-29 21:32:06
============================================================
Last 5 status events:
  2026-04-30T02:50:05Z | ORCH | start
  2026-04-30T02:50:05Z | A | train start

Phase results:
  A     —  pending
  B     —  pending
  C     —  pending
  D     —  pending
  base  —  pending

(refreshing in 60s — Ctrl-C to stop)

============================================================
rlhf-coupling status @ 2026-04-29 21:33:07
============================================================
Last 5 status events:
  2026-04-30T02:50:05Z | ORCH | start
  2026-04-30T02:50:05Z | A | train start

Phase results:
  A     —  pending
  B     —  pending
  C     —  pending
  D     —  pending
  base  —  pending

(refreshing in 60s — Ctrl-C to stop)

============================================================
rlhf-coupling status @ 2026-04-29 21:34:07
============================================================
Last 5 status events:
  2026-04-30T02:50:05Z | ORCH | start
  2026-04-30T02:50:05Z | A | train start

Phase results:
  A     —  pending
  B     —  pending
  C     —  pending
  D     —  pending
  base  —  pending

(refreshing in 60s — Ctrl-C to stop)

============================================================
rlhf-coupling status @ 2026-04-29 21:35:07
============================================================
Last 5 status events:
  2026-04-30T02:50:05Z | ORCH | start
  2026-04-30T02:50:05Z | A | train start

Phase results:
  A     —  pending
  B     —  pending
  C     —  pending
  D     —  pending
  base  —  pending

(refreshing in 60s — Ctrl-C to stop)

============================================================
rlhf-coupling status @ 2026-04-29 21:36:08
============================================================
Last 5 status events:
  2026-04-30T02:50:05Z | ORCH | start
  2026-04-30T02:50:05Z | A | train start

Phase results:
  A     —  pending
  B     —  pending
  C     —  pending
  D     —  pending
  base  —  pending

(refreshing in 60s — Ctrl-C to stop)

============================================================
rlhf-coupling status @ 2026-04-29 21:37:08
============================================================
Last 5 status events:
  2026-04-30T02:50:05Z | ORCH | start
  2026-04-30T02:50:05Z | A | train start

Phase results:
  A     —  pending
  B     —  pending
  C     —  pending
  D     —  pending
  base  —  pending

(refreshing in 60s — Ctrl-C to stop)

============================================================
rlhf-coupling status @ 2026-04-29 21:38:09
============================================================
Last 5 status events:
  2026-04-30T02:50:05Z | ORCH | start
  2026-04-30T02:50:05Z | A | train start

Phase results:
  A     —  pending
  B     —  pending
  C     —  pending
  D     —  pending
  base  —  pending

(refreshing in 60s — Ctrl-C to stop)

============================================================
rlhf-coupling status @ 2026-04-29 21:39:09
============================================================
Last 5 status events:
  2026-04-30T02:50:05Z | ORCH | start
  2026-04-30T02:50:05Z | A | train start

Phase results:
  A     —  pending
  B     —  pending
  C     —  pending
  D     —  pending
  base  —  pending

(refreshing in 60s — Ctrl-C to stop)

============================================================
rlhf-coupling status @ 2026-04-29 21:40:10
============================================================
Last 5 status events:
  2026-04-30T02:50:05Z | ORCH | start
  2026-04-30T02:50:05Z | A | train start

Phase results:
  A     —  pending
  B     —  pending
  C     —  pending
  D     —  pending
  base  —  pending

(refreshing in 60s — Ctrl-C to stop)

============================================================
rlhf-coupling status @ 2026-04-29 21:41:10
============================================================
Last 5 status events:
  2026-04-30T02:50:05Z | ORCH | start
  2026-04-30T02:50:05Z | A | train start

Phase results:
  A     —  pending
  B     —  pending
  C     —  pending
  D     —  pending
  base  —  pending

(refreshing in 60s — Ctrl-C to stop)

============================================================
rlhf-coupling status @ 2026-04-29 21:42:11
============================================================
Last 5 status events:
  2026-04-30T02:50:05Z | ORCH | start
  2026-04-30T02:50:05Z | A | train start

Phase results:
  A     —  pending
  B     —  pending
  C     —  pending
  D     —  pending
  base  —  pending

(refreshing in 60s — Ctrl-C to stop)

============================================================
rlhf-coupling status @ 2026-04-29 21:43:11
============================================================
Last 5 status events:
  2026-04-30T02:50:05Z | ORCH | start
  2026-04-30T02:50:05Z | A | train start

Phase results:
  A     —  pending
  B     —  pending
  C     —  pending
  D     —  pending
  base  —  pending

(refreshing in 60s — Ctrl-C to stop)

============================================================
rlhf-coupling status @ 2026-04-29 21:44:11
============================================================
Last 5 status events:
  2026-04-30T02:50:05Z | ORCH | start
  2026-04-30T02:50:05Z | A | train start

Phase results:
  A     —  pending
  B     —  pending
  C     —  pending
  D     —  pending
  base  —  pending

(refreshing in 60s — Ctrl-C to stop)

============================================================
rlhf-coupling status @ 2026-04-29 21:45:12
============================================================
Last 5 status events:
  2026-04-30T02:50:05Z | ORCH | start
  2026-04-30T02:50:05Z | A | train start

Phase results:
  A     —  pending
  B     —  pending
  C     —  pending
  D     —  pending
  base  —  pending

(refreshing in 60s — Ctrl-C to stop)

============================================================
rlhf-coupling status @ 2026-04-29 21:46:12
============================================================
Last 5 status events:
  2026-04-30T02:50:05Z | ORCH | start
  2026-04-30T02:50:05Z | A | train start

Phase results:
  A     —  pending
  B     —  pending
  C     —  pending
  D     —  pending
  base  —  pending

(refreshing in 60s — Ctrl-C to stop)

============================================================
rlhf-coupling status @ 2026-04-29 21:47:13
============================================================
Last 5 status events:
  2026-04-30T02:50:05Z | ORCH | start
  2026-04-30T02:50:05Z | A | train start

Phase results:
  A     —  pending
  B     —  pending
  C     —  pending
  D     —  pending
  base  —  pending

(refreshing in 60s — Ctrl-C to stop)

============================================================
rlhf-coupling status @ 2026-04-29 21:48:13
============================================================
Last 5 status events:
  2026-04-30T02:50:05Z | ORCH | start
  2026-04-30T02:50:05Z | A | train start

Phase results:
  A     —  pending
  B     —  pending
  C     —  pending
  D     —  pending
  base  —  pending

(refreshing in 60s — Ctrl-C to stop)

============================================================
rlhf-coupling status @ 2026-04-29 21:49:14
============================================================
Last 5 status events:
  2026-04-30T02:50:05Z | ORCH | start
  2026-04-30T02:50:05Z | A | train start

Phase results:
  A     —  pending
  B     —  pending
  C     —  pending
  D     —  pending
  base  —  pending

(refreshing in 60s — Ctrl-C to stop)

============================================================
rlhf-coupling status @ 2026-04-29 21:50:14
============================================================
Last 5 status events:
  2026-04-30T02:50:05Z | ORCH | start
  2026-04-30T02:50:05Z | A | train start

Phase results:
  A     —  pending
  B     —  pending
  C     —  pending
  D     —  pending
  base  —  pending

(refreshing in 60s — Ctrl-C to stop)

============================================================
rlhf-coupling status @ 2026-04-29 21:51:14
============================================================
Last 5 status events:
  2026-04-30T02:50:05Z | ORCH | start
  2026-04-30T02:50:05Z | A | train start

Phase results:
  A     —  pending
  B     —  pending
  C     —  pending
  D     —  pending
  base  —  pending

(refreshing in 60s — Ctrl-C to stop)

============================================================
rlhf-coupling status @ 2026-04-29 21:52:15
============================================================
Last 5 status events:
  2026-04-30T02:50:05Z | ORCH | start
  2026-04-30T02:50:05Z | A | train start

Phase results:
  A     —  pending
  B     —  pending
  C     —  pending
  D     —  pending
  base  —  pending

(refreshing in 60s — Ctrl-C to stop)

============================================================
rlhf-coupling status @ 2026-04-29 21:53:15
============================================================
Last 5 status events:
  2026-04-30T02:50:05Z | ORCH | start
  2026-04-30T02:50:05Z | A | train start

Phase results:
  A     —  pending
  B     —  pending
  C     —  pending
  D     —  pending
  base  —  pending

(refreshing in 60s — Ctrl-C to stop)

============================================================
rlhf-coupling status @ 2026-04-29 21:54:16
============================================================
Last 5 status events:
  2026-04-30T02:50:05Z | ORCH | start
  2026-04-30T02:50:05Z | A | train start

Phase results:
  A     —  pending
  B     —  pending
  C     —  pending
  D     —  pending
  base  —  pending

(refreshing in 60s — Ctrl-C to stop)

============================================================
rlhf-coupling status @ 2026-04-29 21:55:16
============================================================
Last 5 status events:
  2026-04-30T02:50:05Z | ORCH | start
  2026-04-30T02:50:05Z | A | train start

Phase results:
  A     —  pending
  B     —  pending
  C     —  pending
  D     —  pending
  base  —  pending

(refreshing in 60s — Ctrl-C to stop)

============================================================
rlhf-coupling status @ 2026-04-29 21:56:17
============================================================
Last 5 status events:
  2026-04-30T02:50:05Z | ORCH | start
  2026-04-30T02:50:05Z | A | train start

Phase results:
  A     —  pending
  B     —  pending
  C     —  pending
  D     —  pending
  base  —  pending

(refreshing in 60s — Ctrl-C to stop)

============================================================
rlhf-coupling status @ 2026-04-29 21:57:17
============================================================
Last 5 status events:
  2026-04-30T02:50:05Z | ORCH | start
  2026-04-30T02:50:05Z | A | train start

Phase results:
  A     —  pending
  B     —  pending
  C     —  pending
  D     —  pending
  base  —  pending

(refreshing in 60s — Ctrl-C to stop)

============================================================
rlhf-coupling status @ 2026-04-29 21:58:18
============================================================
Last 5 status events:
  2026-04-30T02:50:05Z | ORCH | start
  2026-04-30T02:50:05Z | A | train start

Phase results:
  A     —  pending
  B     —  pending
  C     —  pending
  D     —  pending
  base  —  pending

(refreshing in 60s — Ctrl-C to stop)

============================================================
rlhf-coupling status @ 2026-04-29 21:59:18
============================================================
Last 5 status events:
  2026-04-30T02:50:05Z | ORCH | start
  2026-04-30T02:50:05Z | A | train start

Phase results:
  A     —  pending
  B     —  pending
  C     —  pending
  D     —  pending
  base  —  pending

(refreshing in 60s — Ctrl-C to stop)

============================================================
rlhf-coupling status @ 2026-04-29 22:00:18
============================================================
Last 5 status events:
  2026-04-30T02:50:05Z | ORCH | start
  2026-04-30T02:50:05Z | A | train start

Phase results:
  A     —  pending
  B     —  pending
  C     —  pending
  D     —  pending
  base  —  pending

(refreshing in 60s — Ctrl-C to stop)

============================================================
rlhf-coupling status @ 2026-04-29 22:01:19
============================================================
Last 5 status events:
  2026-04-30T02:50:05Z | ORCH | start
  2026-04-30T02:50:05Z | A | train start

Phase results:
  A     —  pending
  B     —  pending
  C     —  pending
  D     —  pending
  base  —  pending

(refreshing in 60s — Ctrl-C to stop)

============================================================
rlhf-coupling status @ 2026-04-29 22:02:19
============================================================
Last 5 status events:
  2026-04-30T02:50:05Z | ORCH | start
  2026-04-30T02:50:05Z | A | train start

Phase results:
  A     —  pending
  B     —  pending
  C     —  pending
  D     —  pending
  base  —  pending

(refreshing in 60s — Ctrl-C to stop)

============================================================
rlhf-coupling status @ 2026-04-29 22:03:20
============================================================
Last 5 status events:
  2026-04-30T02:50:05Z | ORCH | start
  2026-04-30T02:50:05Z | A | train start

Phase results:
  A     —  pending
  B     —  pending
  C     —  pending
  D     —  pending
  base  —  pending

(refreshing in 60s — Ctrl-C to stop)

============================================================
rlhf-coupling status @ 2026-04-29 22:04:20
============================================================
Last 5 status events:
  2026-04-30T02:50:05Z | ORCH | start
  2026-04-30T02:50:05Z | A | train start

Phase results:
  A     —  pending
  B     —  pending
  C     —  pending
  D     —  pending
  base  —  pending

(refreshing in 60s — Ctrl-C to stop)

============================================================
rlhf-coupling status @ 2026-04-29 22:05:21
============================================================
Last 5 status events:
  2026-04-30T02:50:05Z | ORCH | start
  2026-04-30T02:50:05Z | A | train start

Phase results:
  A     —  pending
  B     —  pending
  C     —  pending
  D     —  pending
  base  —  pending

(refreshing in 60s — Ctrl-C to stop)

============================================================
rlhf-coupling status @ 2026-04-29 22:06:21
============================================================
Last 5 status events:
  2026-04-30T02:50:05Z | ORCH | start
  2026-04-30T02:50:05Z | A | train start

Phase results:
  A     —  pending
  B     —  pending
  C     —  pending
  D     —  pending
  base  —  pending

(refreshing in 60s — Ctrl-C to stop)

============================================================
rlhf-coupling status @ 2026-04-29 22:07:21
============================================================
Last 5 status events:
  2026-04-30T02:50:05Z | ORCH | start
  2026-04-30T02:50:05Z | A | train start

Phase results:
  A     —  pending
  B     —  pending
  C     —  pending
  D     —  pending
  base  —  pending

(refreshing in 60s — Ctrl-C to stop)

============================================================
rlhf-coupling status @ 2026-04-29 22:08:22
============================================================
Last 5 status events:
  2026-04-30T02:50:05Z | ORCH | start
  2026-04-30T02:50:05Z | A | train start

Phase results:
  A     —  pending
  B     —  pending
  C     —  pending
  D     —  pending
  base  —  pending

(refreshing in 60s — Ctrl-C to stop)

============================================================
rlhf-coupling status @ 2026-04-29 22:09:22
============================================================
Last 5 status events:
  2026-04-30T02:50:05Z | ORCH | start
  2026-04-30T02:50:05Z | A | train start

Phase results:
  A     —  pending
  B     —  pending
  C     —  pending
  D     —  pending
  base  —  pending

(refreshing in 60s — Ctrl-C to stop)

============================================================
rlhf-coupling status @ 2026-04-29 22:10:23
============================================================
Last 5 status events:
  2026-04-30T02:50:05Z | ORCH | start
  2026-04-30T02:50:05Z | A | train start

Phase results:
  A     —  pending
  B     —  pending
  C     —  pending
  D     —  pending
  base  —  pending

(refreshing in 60s — Ctrl-C to stop)

============================================================
rlhf-coupling status @ 2026-04-29 22:11:23
============================================================
Last 5 status events:
  2026-04-30T02:50:05Z | ORCH | start
  2026-04-30T02:50:05Z | A | train start

Phase results:
  A     —  pending
  B     —  pending
  C     —  pending
  D     —  pending
  base  —  pending

(refreshing in 60s — Ctrl-C to stop)

============================================================
rlhf-coupling status @ 2026-04-29 22:12:23
============================================================
Last 5 status events:
  2026-04-30T02:50:05Z | ORCH | start
  2026-04-30T02:50:05Z | A | train start

Phase results:
  A     —  pending
  B     —  pending
  C     —  pending
  D     —  pending
  base  —  pending

(refreshing in 60s — Ctrl-C to stop)

============================================================
rlhf-coupling status @ 2026-04-29 22:13:24
============================================================
Last 5 status events:
  2026-04-30T02:50:05Z | ORCH | start
  2026-04-30T02:50:05Z | A | train start

Phase results:
  A     —  pending
  B     —  pending
  C     —  pending
  D     —  pending
  base  —  pending

(refreshing in 60s — Ctrl-C to stop)

============================================================
rlhf-coupling status @ 2026-04-29 22:14:24
============================================================
Last 5 status events:
  2026-04-30T02:50:05Z | ORCH | start
  2026-04-30T02:50:05Z | A | train start

Phase results:
  A     —  pending
  B     —  pending
  C     —  pending
  D     —  pending
  base  —  pending

(refreshing in 60s — Ctrl-C to stop)

============================================================
rlhf-coupling status @ 2026-04-29 22:15:25
============================================================
Last 5 status events:
  2026-04-30T02:50:05Z | ORCH | start
  2026-04-30T02:50:05Z | A | train start

Phase results:
  A     —  pending
  B     —  pending
  C     —  pending
  D     —  pending
  base  —  pending

(refreshing in 60s — Ctrl-C to stop)

============================================================
rlhf-coupling status @ 2026-04-29 22:16:25
============================================================
Last 5 status events:
  2026-04-30T02:50:05Z | ORCH | start
  2026-04-30T02:50:05Z | A | train start

Phase results:
  A     —  pending
  B     —  pending
  C     —  pending
  D     —  pending
  base  —  pending

(refreshing in 60s — Ctrl-C to stop)

============================================================
rlhf-coupling status @ 2026-04-29 22:17:26
============================================================
Last 5 status events:
  2026-04-30T02:50:05Z | ORCH | start
  2026-04-30T02:50:05Z | A | train start

Phase results:
  A     —  pending
  B     —  pending
  C     —  pending
  D     —  pending
  base  —  pending

(refreshing in 60s — Ctrl-C to stop)

============================================================
rlhf-coupling status @ 2026-04-29 22:18:26
============================================================
Last 5 status events:
  2026-04-30T02:50:05Z | ORCH | start
  2026-04-30T02:50:05Z | A | train start

Phase results:
  A     —  pending
  B     —  pending
  C     —  pending
  D     —  pending
  base  —  pending

(refreshing in 60s — Ctrl-C to stop)

============================================================
rlhf-coupling status @ 2026-04-29 22:19:27
============================================================
Last 5 status events:
  2026-04-30T02:50:05Z | ORCH | start
  2026-04-30T02:50:05Z | A | train start

Phase results:
  A     —  pending
  B     —  pending
  C     —  pending
  D     —  pending
  base  —  pending

(refreshing in 60s — Ctrl-C to stop)

============================================================
rlhf-coupling status @ 2026-04-29 22:20:27
============================================================
Last 5 status events:
  2026-04-30T02:50:05Z | ORCH | start
  2026-04-30T02:50:05Z | A | train start

Phase results:
  A     —  pending
  B     —  pending
  C     —  pending
  D     —  pending
  base  —  pending

(refreshing in 60s — Ctrl-C to stop)

============================================================
rlhf-coupling status @ 2026-04-29 22:21:28
============================================================
Last 5 status events:
  2026-04-30T02:50:05Z | ORCH | start
  2026-04-30T02:50:05Z | A | train start

Phase results:
  A     —  pending
  B     —  pending
  C     —  pending
  D     —  pending
  base  —  pending

(refreshing in 60s — Ctrl-C to stop)

============================================================
rlhf-coupling status @ 2026-04-29 22:22:28
============================================================
Last 5 status events:
  2026-04-30T02:50:05Z | ORCH | start
  2026-04-30T02:50:05Z | A | train start

Phase results:
  A     —  pending
  B     —  pending
  C     —  pending
  D     —  pending
  base  —  pending

(refreshing in 60s — Ctrl-C to stop)

============================================================
rlhf-coupling status @ 2026-04-29 22:23:28
============================================================
Last 5 status events:
  2026-04-30T02:50:05Z | ORCH | start
  2026-04-30T02:50:05Z | A | train start

Phase results:
  A     —  pending
  B     —  pending
  C     —  pending
  D     —  pending
  base  —  pending

(refreshing in 60s — Ctrl-C to stop)

============================================================
rlhf-coupling status @ 2026-04-29 22:24:29
============================================================
Last 5 status events:
  2026-04-30T02:50:05Z | ORCH | start
  2026-04-30T02:50:05Z | A | train start

Phase results:
  A     —  pending
  B     —  pending
  C     —  pending
  D     —  pending
  base  —  pending

(refreshing in 60s — Ctrl-C to stop)

============================================================
rlhf-coupling status @ 2026-04-29 22:25:29
============================================================
Last 5 status events:
  2026-04-30T02:50:05Z | ORCH | start
  2026-04-30T02:50:05Z | A | train start

Phase results:
  A     —  pending
  B     —  pending
  C     —  pending
  D     —  pending
  base  —  pending

(refreshing in 60s — Ctrl-C to stop)

============================================================
rlhf-coupling status @ 2026-04-29 22:26:30
============================================================
Last 5 status events:
  2026-04-30T02:50:05Z | ORCH | start
  2026-04-30T02:50:05Z | A | train start

Phase results:
  A     —  pending
  B     —  pending
  C     —  pending
  D     —  pending
  base  —  pending

(refreshing in 60s — Ctrl-C to stop)

============================================================
rlhf-coupling status @ 2026-04-29 22:27:30
============================================================
Last 5 status events:
  2026-04-30T02:50:05Z | ORCH | start
  2026-04-30T02:50:05Z | A | train start

Phase results:
  A     —  pending
  B     —  pending
  C     —  pending
  D     —  pending
  base  —  pending

(refreshing in 60s — Ctrl-C to stop)

============================================================
rlhf-coupling status @ 2026-04-29 22:28:31
============================================================
Last 5 status events:
  2026-04-30T02:50:05Z | ORCH | start
  2026-04-30T02:50:05Z | A | train start

Phase results:
  A     —  pending
  B     —  pending
  C     —  pending
  D     —  pending
  base  —  pending

(refreshing in 60s — Ctrl-C to stop)

============================================================
rlhf-coupling status @ 2026-04-29 22:29:31
============================================================
Last 5 status events:
  2026-04-30T02:50:05Z | ORCH | start
  2026-04-30T02:50:05Z | A | train start

Phase results:
  A     —  pending
  B     —  pending
  C     —  pending
  D     —  pending
  base  —  pending

(refreshing in 60s — Ctrl-C to stop)

============================================================
rlhf-coupling status @ 2026-04-29 22:30:31
============================================================
Last 5 status events:
  2026-04-30T02:50:05Z | ORCH | start
  2026-04-30T02:50:05Z | A | train start

Phase results:
  A     —  pending
  B     —  pending
  C     —  pending
  D     —  pending
  base  —  pending

(refreshing in 60s — Ctrl-C to stop)

============================================================
rlhf-coupling status @ 2026-04-29 22:31:32
============================================================
Last 5 status events:
  2026-04-30T02:50:05Z | ORCH | start
  2026-04-30T02:50:05Z | A | train start

Phase results:
  A     —  pending
  B     —  pending
  C     —  pending
  D     —  pending
  base  —  pending

(refreshing in 60s — Ctrl-C to stop)

============================================================
rlhf-coupling status @ 2026-04-29 22:32:32
============================================================
Last 5 status events:
  2026-04-30T02:50:05Z | ORCH | start
  2026-04-30T02:50:05Z | A | train start

Phase results:
  A     —  pending
  B     —  pending
  C     —  pending
  D     —  pending
  base  —  pending

(refreshing in 60s — Ctrl-C to stop)

============================================================
rlhf-coupling status @ 2026-04-29 22:33:33
============================================================
Last 5 status events:
  2026-04-30T02:50:05Z | ORCH | start
  2026-04-30T02:50:05Z | A | train start

Phase results:
  A     —  pending
  B     —  pending
  C     —  pending
  D     —  pending
  base  —  pending

(refreshing in 60s — Ctrl-C to stop)

============================================================
rlhf-coupling status @ 2026-04-29 22:34:33
============================================================
Last 5 status events:
  2026-04-30T02:50:05Z | ORCH | start
  2026-04-30T02:50:05Z | A | train start

Phase results:
  A     —  pending
  B     —  pending
  C     —  pending
  D     —  pending
  base  —  pending

(refreshing in 60s — Ctrl-C to stop)

============================================================
rlhf-coupling status @ 2026-04-29 22:35:34
============================================================
Last 5 status events:
  2026-04-30T02:50:05Z | ORCH | start
  2026-04-30T02:50:05Z | A | train start

Phase results:
  A     —  pending
  B     —  pending
  C     —  pending
  D     —  pending
  base  —  pending

(refreshing in 60s — Ctrl-C to stop)

============================================================
rlhf-coupling status @ 2026-04-29 22:36:34
============================================================
Last 5 status events:
  2026-04-30T02:50:05Z | ORCH | start
  2026-04-30T02:50:05Z | A | train start

Phase results:
  A     —  pending
  B     —  pending
  C     —  pending
  D     —  pending
  base  —  pending

(refreshing in 60s — Ctrl-C to stop)

============================================================
rlhf-coupling status @ 2026-04-29 22:37:34
============================================================
Last 5 status events:
  2026-04-30T02:50:05Z | ORCH | start
  2026-04-30T02:50:05Z | A | train start

Phase results:
  A     —  pending
  B     —  pending
  C     —  pending
  D     —  pending
  base  —  pending

(refreshing in 60s — Ctrl-C to stop)

