Detected 2 GPUs
=== queued train: A B C D on 2 GPUs ===
Already up to date.
 2 files changed, 4 insertions(+), 64 deletions(-)
 rewrite logs/orchestrate.log (99%)
To https://github.com/rena-jzhang/rlhf-coupling.git
   796035d..23cf235  main -> main
[A] launching on GPU 0
[B] launching on GPU 1
[B] finished rc=0 ckpt=yes (gpu=1 freed)
[C] launching on GPU 1
[A] finished rc=0 ckpt=yes (gpu=0 freed)
[D] launching on GPU 0
[C] finished rc=0 ckpt=yes (gpu=1 freed)
[D] finished rc=0 ckpt=yes (gpu=0 freed)
Already up to date.
 rewrite logs/train_C.log (88%)
 rewrite logs/train_D.log (91%)
To https://github.com/rena-jzhang/rlhf-coupling.git
   23cf235..219daea  main -> main
=== parallel eval ===
[A] eval on GPU 0
[B] eval on GPU 1
[A] eval done (gpu=0 freed)
[C] eval on GPU 0
[B] eval done (gpu=1 freed)
[D] eval on GPU 1
[D] eval done (gpu=1 freed)
[base] eval on GPU 1
[C] eval done (gpu=0 freed)
[base] eval done (gpu=1 freed)
Already up to date.
 rewrite logs/eval_D.log (92%)
 rewrite logs/eval_base.log (92%)
To https://github.com/rena-jzhang/rlhf-coupling.git
   219daea..c689061  main -> main
=== analyze ===
[notice] To update, run: python -m pip install --upgrade pip
# Cross-bias coupling — preliminary results

_Auto-generated by `analyze.py`. Variants present: ['A', 'B', 'C', 'D', 'base']_

## Headline numbers

| Variant | Label | Verbosity (tokens) | Sycophancy (flip rate) | n_verb | n_syco |
|---|---|---|---|---|---|
| A | baseline | 387.2 | 0.098 | 300 | 500 |
| B | length-decoupled | 361.7 | 0.112 | 300 | 500 |
| C | sycophancy-decoupled | 387.0 | 0.096 | 300 | 500 |
| D | both-decoupled | 361.9 | 0.108 | 300 | 500 |
| base | base (no DPO) | 387.0 | 0.116 | 300 | 500 |

## Off-diagonal coupling (intervention − baseline)

| Intervention | Δ verbosity | Δ sycophancy |
|---|---|---|
| length-decoupled | -25.4 | +0.014 |
| sycophancy-decoupled | -0.2 | -0.002 |
| both-decoupled | -25.3 | +0.010 |

**Interpretation:** any non-zero off-diagonal cell = coupling. e.g., row B (length-decoupled) → Δ sycophancy ≠ 0 means decoupling length shifted sycophancy in the trained policy. That's the v3 finding.

Saved: coupling_matrix.{md,csv}, REPORT.md, coupling_heatmap.png
Already up to date.
