/usr/local/lib/python3.11/dist-packages/transformers/utils/hub.py:128: FutureWarning: Using `TRANSFORMERS_CACHE` is deprecated and will be removed in v5 of Transformers. Use `HF_HOME` instead.
  warnings.warn(
Traceback (most recent call last):
  File "/usr/local/lib/python3.11/dist-packages/trl/import_utils.py", line 142, in _get_module
    return importlib.import_module("." + module_name, self.__name__)
           ^^^^^^^^^^^^^^^^^^^^^^^^^^^^^^^^^^^^^^^^^^^^^^^^^^^^^^^^^
  File "/usr/lib/python3.11/importlib/__init__.py", line 126, in import_module
    return _bootstrap._gcd_import(name[level:], package, level)
           ^^^^^^^^^^^^^^^^^^^^^^^^^^^^^^^^^^^^^^^^^^^^^^^^^^^^
  File "<frozen importlib._bootstrap>", line 1204, in _gcd_import
  File "<frozen importlib._bootstrap>", line 1176, in _find_and_load
  File "<frozen importlib._bootstrap>", line 1147, in _find_and_load_unlocked
  File "<frozen importlib._bootstrap>", line 690, in _load_unlocked
  File "<frozen importlib._bootstrap_external>", line 940, in exec_module
  File "<frozen importlib._bootstrap>", line 241, in _call_with_frames_removed
  File "/usr/local/lib/python3.11/dist-packages/trl/trainer/dpo_trainer.py", line 47, in <module>
    from .callbacks import SyncRefModelCallback
  File "/usr/local/lib/python3.11/dist-packages/trl/trainer/callbacks.py", line 20, in <module>
    from rich.console import Console, Group
ModuleNotFoundError: No module named 'rich'

The above exception was the direct cause of the following exception:

Traceback (most recent call last):
  File "/workspace/rlhf-coupling/train_dpo.py", line 25, in <module>
    from trl import DPOConfig, DPOTrainer
  File "<frozen importlib._bootstrap>", line 1229, in _handle_fromlist
  File "/usr/local/lib/python3.11/dist-packages/trl/import_utils.py", line 133, in __getattr__
    value = getattr(module, name)
            ^^^^^^^^^^^^^^^^^^^^^
  File "/usr/local/lib/python3.11/dist-packages/trl/import_utils.py", line 132, in __getattr__
    module = self._get_module(self._class_to_module[name])
             ^^^^^^^^^^^^^^^^^^^^^^^^^^^^^^^^^^^^^^^^^^^^^
  File "/usr/local/lib/python3.11/dist-packages/trl/import_utils.py", line 144, in _get_module
    raise RuntimeError(
RuntimeError: Failed to import trl.trainer.dpo_trainer because of the following error (look up to see its traceback):
No module named 'rich'
